1559675853.914370 client started (21281): version 2.9a, socket /tmp/tmux-1000/default, protocol 8
1559675853.914475 on Linux 5.1.5-arch1-2-ARCH #1 SMP PREEMPT Mon May 27 03:37:39 UTC 2019; libevent 2.1.8-stable (poll)
1559675853.914559 socket is /tmp/tmux-1000/default
1559675853.914599 trying connect
1559675853.914649 connect failed: Connection refused
1559675853.914690 lock file is /tmp/tmux-1000/default.lock
1559675853.914745 flock succeeded
1559675853.914762 got lock (6)
1559675853.914788 trying connect
1559675853.914822 connect failed: Connection refused
1559675853.915571 add peer 0x55747a1d0ab0: 7 ((nil))
1559675853.916060 sending message 100 to peer 0x55747a1d0ab0 (4 bytes)
1559675853.916098 sending message 101 to peer 0x55747a1d0ab0 (22 bytes)
1559675853.916120 sending message 102 to peer 0x55747a1d0ab0 (11 bytes)
1559675853.916139 sending message 108 to peer 0x55747a1d0ab0 (59 bytes)
1559675853.916161 sending message 104 to peer 0x55747a1d0ab0 (0 bytes)
1559675853.916182 sending message 107 to peer 0x55747a1d0ab0 (4 bytes)
1559675853.916199 sending message 105 to peer 0x55747a1d0ab0 (15 bytes)
1559675853.916218 sending message 105 to peer 0x55747a1d0ab0 (55 bytes)
1559675853.916236 sending message 105 to peer 0x55747a1d0ab0 (21 bytes)
1559675853.916253 sending message 105 to peer 0x55747a1d0ab0 (16 bytes)
1559675853.916272 sending message 105 to peer 0x55747a1d0ab0 (19 bytes)
1559675853.916292 sending message 105 to peer 0x55747a1d0ab0 (21 bytes)
1559675853.916310 sending message 105 to peer 0x55747a1d0ab0 (74 bytes)
1559675853.916332 sending message 105 to peer 0x55747a1d0ab0 (1980 bytes)
1559675853.916424 sending message 105 to peer 0x55747a1d0ab0 (46 bytes)
1559675853.916447 sending message 105 to peer 0x55747a1d0ab0 (49 bytes)
1559675853.916466 sending message 105 to peer 0x55747a1d0ab0 (35 bytes)
1559675853.916485 sending message 105 to peer 0x55747a1d0ab0 (72 bytes)
1559675853.916503 sending message 105 to peer 0x55747a1d0ab0 (20 bytes)
1559675853.916522 sending message 105 to peer 0x55747a1d0ab0 (46 bytes)
1559675853.916541 sending message 105 to peer 0x55747a1d0ab0 (16 bytes)
1559675853.916558 sending message 105 to peer 0x55747a1d0ab0 (13 bytes)
1559675853.916576 sending message 105 to peer 0x55747a1d0ab0 (16 bytes)
1559675853.916594 sending message 105 to peer 0x55747a1d0ab0 (32 bytes)
1559675853.916611 sending message 105 to peer 0x55747a1d0ab0 (15 bytes)
1559675853.916630 sending message 105 to peer 0x55747a1d0ab0 (63 bytes)
1559675853.916688 sending message 105 to peer 0x55747a1d0ab0 (19 bytes)
1559675853.916707 sending message 105 to peer 0x55747a1d0ab0 (21 bytes)
1559675853.916726 sending message 105 to peer 0x55747a1d0ab0 (42 bytes)
1559675853.916746 sending message 105 to peer 0x55747a1d0ab0 (30 bytes)
1559675853.916764 sending message 105 to peer 0x55747a1d0ab0 (40 bytes)
1559675853.916781 sending message 105 to peer 0x55747a1d0ab0 (68 bytes)
1559675853.916798 sending message 105 to peer 0x55747a1d0ab0 (38 bytes)
1559675853.916817 sending message 105 to peer 0x55747a1d0ab0 (10 bytes)
1559675853.916837 sending message 105 to peer 0x55747a1d0ab0 (13 bytes)
1559675853.916857 sending message 105 to peer 0x55747a1d0ab0 (22 bytes)
1559675853.916876 sending message 105 to peer 0x55747a1d0ab0 (17 bytes)
1559675853.916896 sending message 105 to peer 0x55747a1d0ab0 (1506 bytes)
1559675853.916935 sending message 105 to peer 0x55747a1d0ab0 (14 bytes)
1559675853.916950 sending message 105 to peer 0x55747a1d0ab0 (47 bytes)
1559675853.916963 sending message 105 to peer 0x55747a1d0ab0 (107 bytes)
1559675853.916976 sending message 105 to peer 0x55747a1d0ab0 (47 bytes)
1559675853.916989 sending message 105 to peer 0x55747a1d0ab0 (30 bytes)
1559675853.917002 sending message 105 to peer 0x55747a1d0ab0 (23 bytes)
1559675853.917014 sending message 105 to peer 0x55747a1d0ab0 (27 bytes)
1559675853.917025 sending message 105 to peer 0x55747a1d0ab0 (57 bytes)
1559675853.917037 sending message 105 to peer 0x55747a1d0ab0 (16 bytes)
1559675853.917050 sending message 105 to peer 0x55747a1d0ab0 (38 bytes)
1559675853.917062 sending message 105 to peer 0x55747a1d0ab0 (21 bytes)
1559675853.917098 sending message 105 to peer 0x55747a1d0ab0 (31 bytes)
1559675853.917114 sending message 105 to peer 0x55747a1d0ab0 (13 bytes)
1559675853.917133 sending message 105 to peer 0x55747a1d0ab0 (21 bytes)
1559675853.917151 sending message 105 to peer 0x55747a1d0ab0 (11 bytes)
1559675853.917170 sending message 105 to peer 0x55747a1d0ab0 (8 bytes)
1559675853.917187 sending message 105 to peer 0x55747a1d0ab0 (16 bytes)
1559675853.917199 sending message 105 to peer 0x55747a1d0ab0 (35 bytes)
1559675853.917212 sending message 105 to peer 0x55747a1d0ab0 (35 bytes)
1559675853.917224 sending message 105 to peer 0x55747a1d0ab0 (18 bytes)
1559675853.917236 sending message 105 to peer 0x55747a1d0ab0 (11 bytes)
1559675853.917248 sending message 105 to peer 0x55747a1d0ab0 (42 bytes)
1559675853.917260 sending message 105 to peer 0x55747a1d0ab0 (17 bytes)
1559675853.917273 sending message 105 to peer 0x55747a1d0ab0 (52 bytes)
1559675853.917285 sending message 105 to peer 0x55747a1d0ab0 (41 bytes)
1559675853.917303 sending message 105 to peer 0x55747a1d0ab0 (31 bytes)
1559675853.917322 sending message 105 to peer 0x55747a1d0ab0 (35 bytes)
1559675853.917340 sending message 105 to peer 0x55747a1d0ab0 (25 bytes)
1559675853.917358 sending message 105 to peer 0x55747a1d0ab0 (23 bytes)
1559675853.917378 sending message 105 to peer 0x55747a1d0ab0 (507 bytes)
1559675853.917397 sending message 105 to peer 0x55747a1d0ab0 (51 bytes)
1559675853.917417 sending message 105 to peer 0x55747a1d0ab0 (54 bytes)
1559675853.917436 sending message 105 to peer 0x55747a1d0ab0 (32 bytes)
1559675853.917454 sending message 105 to peer 0x55747a1d0ab0 (57 bytes)
1559675853.917474 sending message 105 to peer 0x55747a1d0ab0 (20 bytes)
1559675853.917494 sending message 105 to peer 0x55747a1d0ab0 (58 bytes)
1559675853.917512 sending message 105 to peer 0x55747a1d0ab0 (24 bytes)
1559675853.917531 sending message 105 to peer 0x55747a1d0ab0 (18 bytes)
1559675853.917550 sending message 105 to peer 0x55747a1d0ab0 (15 bytes)
1559675853.917569 sending message 105 to peer 0x55747a1d0ab0 (15 bytes)
1559675853.917589 sending message 105 to peer 0x55747a1d0ab0 (17 bytes)
1559675853.917609 sending message 105 to peer 0x55747a1d0ab0 (13 bytes)
1559675853.917630 sending message 105 to peer 0x55747a1d0ab0 (16 bytes)
1559675853.917650 sending message 106 to peer 0x55747a1d0ab0 (0 bytes)
1559675853.917671 sending message 200 to peer 0x55747a1d0ab0 (4 bytes)
1559675853.917689 client loop enter
1559675853.952339 peer 0x55747a1d0ab0 message 207
1559675853.952353 sending message 208 to peer 0x55747a1d0ab0 (0 bytes)
1559675978.276366 peer 0x55747a1d0ab0 message 203
1559675978.276393 sending message 205 to peer 0x55747a1d0ab0 (0 bytes)
1559675978.276696 peer 0x55747a1d0ab0 message 204
1559675978.276706 client loop exit
